<?xml version="1.0" encoding="UTF-8"?>
<!-- Generated by org.testng.reporters.JUnitReportReporter -->
<<<<<<< HEAD
<testsuite hostname="Kal-El" failures="0" tests="10" name="com.shield.tests.service.EmployeeServiceTests" time="4.778" errors="0" timestamp="2022-01-11T23:56:34 CST" skipped="0">
  <testcase classname="com.shield.tests.service.EmployeeServiceTests" name="badAgentGetAgentDebriefingsService" time="0.502"/>
  <system-out/>
  <testcase classname="com.shield.tests.service.EmployeeServiceTests" name="badIdForGetAllClaims" time="0.499"/>
  <system-out/>
  <testcase classname="com.shield.tests.service.EmployeeServiceTests" name="badIdInsertEmployeeImageService" time="0.468"/>
  <system-out/>
  <testcase classname="com.shield.tests.service.EmployeeServiceTests" name="badIdForGetAgentDebriefingsService" time="0.469"/>
  <system-out/>
  <testcase classname="com.shield.tests.service.EmployeeServiceTests" name="badHandlerGetAllAgentDebriefingsService" time="0.480"/>
  <system-out/>
  <testcase classname="com.shield.tests.service.EmployeeServiceTests" name="badAgentGetUserClaimsByAgentService" time="0.474"/>
  <system-out/>
  <testcase classname="com.shield.tests.service.EmployeeServiceTests" name="badIdForGetAllAgentDebriefingsService" time="0.469"/>
  <system-out/>
  <testcase classname="com.shield.tests.service.EmployeeServiceTests" name="badHandlerForGetAllClaims" time="0.465"/>
  <system-out/>
  <testcase classname="com.shield.tests.service.EmployeeServiceTests" name="badIdForGetUserClaimsByAgentService" time="0.467"/>
  <system-out/>
  <testcase classname="com.shield.tests.service.EmployeeServiceTests" name="badIdGetEmployeeImageService" time="0.485"/>
=======
<testsuite hostname="Kal-El" failures="0" tests="10" name="com.shield.tests.service.EmployeeServiceTests" time="4.849" errors="0" timestamp="2022-01-13T09:46:19 CST" skipped="0">
  <testcase classname="com.shield.tests.service.EmployeeServiceTests" name="badHandlerGetAllAgentDebriefingsService" time="0.479"/>
  <system-out/>
  <testcase classname="com.shield.tests.service.EmployeeServiceTests" name="badIdForGetUserClaimsByAgentService" time="0.482"/>
  <system-out/>
  <testcase classname="com.shield.tests.service.EmployeeServiceTests" name="badIdForGetAllAgentDebriefingsService" time="0.482"/>
  <system-out/>
  <testcase classname="com.shield.tests.service.EmployeeServiceTests" name="badHandlerForGetAllClaims" time="0.492"/>
  <system-out/>
  <testcase classname="com.shield.tests.service.EmployeeServiceTests" name="badAgentGetAgentDebriefingsService" time="0.479"/>
  <system-out/>
  <testcase classname="com.shield.tests.service.EmployeeServiceTests" name="badIdInsertEmployeeImageService" time="0.486"/>
  <system-out/>
  <testcase classname="com.shield.tests.service.EmployeeServiceTests" name="badIdForGetAgentDebriefingsService" time="0.481"/>
  <system-out/>
  <testcase classname="com.shield.tests.service.EmployeeServiceTests" name="badIdGetEmployeeImageService" time="0.482"/>
  <system-out/>
  <testcase classname="com.shield.tests.service.EmployeeServiceTests" name="badAgentGetUserClaimsByAgentService" time="0.497"/>
  <system-out/>
  <testcase classname="com.shield.tests.service.EmployeeServiceTests" name="badIdForGetAllClaims" time="0.489"/>
>>>>>>> main
  <system-out/>
</testsuite> <!-- com.shield.tests.service.EmployeeServiceTests -->
