<?xml version="1.0" encoding="UTF-8"?>
<!-- Generated by org.testng.reporters.JUnitReportReporter -->
<testsuite hostname="Kal-El" failures="0" tests="8" name="com.shield.tests.service.UserServiceTests" time="4.364" errors="0" timestamp="2022-01-20T09:48:41 CST" skipped="0">
  <testcase classname="com.shield.tests.service.UserServiceTests" name="badIdGetUserImageService" time="0.468"/>
  <system-out/>
  <testcase classname="com.shield.tests.service.UserServiceTests" name="badIdInsertUserImageService" time="0.480"/>
  <system-out/>
  <testcase classname="com.shield.tests.service.UserServiceTests" name="badPasswordForCheckingLogin" time="0.466"/>
  <system-out/>
  <testcase classname="com.shield.tests.service.UserServiceTests" name="badIdForGetUserClaimsByUserService" time="0.532"/>
  <system-out/>
  <testcase classname="com.shield.tests.service.UserServiceTests" name="badUsernameForCheckingLogin" time="0.479"/>
  <system-out/>
  <testcase classname="com.shield.tests.service.UserServiceTests" name="badUserIdForGettingUser" time="0.485"/>
  <system-out/>
  <testcase classname="com.shield.tests.service.UserServiceTests" name="duplicateEmployeeUsernameForCreateUserService" time="0.956"/>
  <system-out/>
  <testcase classname="com.shield.tests.service.UserServiceTests" name="duplicateUserUsernameForCreateUserService" time="0.498"/>
  <system-out/>
</testsuite> <!-- com.shield.tests.service.UserServiceTests -->
