<?xml version="1.0" encoding="UTF-8"?>
<!-- Generated by org.testng.reporters.JUnitReportReporter -->
<testsuite hostname="Kal-El" failures="0" tests="10" name="com.shield.tests.service.EmployeeServiceTests" time="4.769" errors="0" timestamp="2022-01-19T15:16:58 CST" skipped="0">
  <testcase classname="com.shield.tests.service.EmployeeServiceTests" name="badIdInsertEmployeeImageService" time="0.480"/>
  <system-out/>
  <testcase classname="com.shield.tests.service.EmployeeServiceTests" name="badAgentGetAgentDebriefingsService" time="0.474"/>
  <system-out/>
  <testcase classname="com.shield.tests.service.EmployeeServiceTests" name="badHandlerForGetAllClaims" time="0.468"/>
  <system-out/>
  <testcase classname="com.shield.tests.service.EmployeeServiceTests" name="badIdForGetUserClaimsByAgentService" time="0.472"/>
  <system-out/>
  <testcase classname="com.shield.tests.service.EmployeeServiceTests" name="badIdForGetAllClaims" time="0.471"/>
  <system-out/>
  <testcase classname="com.shield.tests.service.EmployeeServiceTests" name="badHandlerGetAllAgentDebriefingsService" time="0.477"/>
  <system-out/>
  <testcase classname="com.shield.tests.service.EmployeeServiceTests" name="badIdForGetAllAgentDebriefingsService" time="0.489"/>
  <system-out/>
  <testcase classname="com.shield.tests.service.EmployeeServiceTests" name="badIdGetEmployeeImageService" time="0.472"/>
  <system-out/>
  <testcase classname="com.shield.tests.service.EmployeeServiceTests" name="badAgentGetUserClaimsByAgentService" time="0.474"/>
  <system-out/>
  <testcase classname="com.shield.tests.service.EmployeeServiceTests" name="badIdForGetAgentDebriefingsService" time="0.492"/>
  <system-out/>
</testsuite> <!-- com.shield.tests.service.EmployeeServiceTests -->
