<?xml version="1.0" encoding="UTF-8"?>
<!-- Generated by org.testng.reporters.JUnitReportReporter -->
<<<<<<< HEAD
<testsuite hostname="Kal-El" failures="0" tests="6" name="com.shield.tests.dao.UserDAOTests" time="3.865" errors="0" timestamp="2022-01-11T23:56:34 CST" skipped="0">
  <testcase classname="com.shield.tests.dao.UserDAOTests" name="checkUsernameAndPassword" time="0.958"/>
  <system-out/>
  <testcase classname="com.shield.tests.dao.UserDAOTests" name="getUserClaimsByUser" time="0.480"/>
  <system-out/>
  <testcase classname="com.shield.tests.dao.UserDAOTests" name="selectUserById" time="0.473"/>
  <system-out/>
  <testcase classname="com.shield.tests.dao.UserDAOTests" name="createUser" time="1.008"/>
  <system-out/>
  <testcase classname="com.shield.tests.dao.UserDAOTests" name="getAllUsers" time="0.472"/>
  <system-out/>
  <testcase classname="com.shield.tests.dao.UserDAOTests" name="selectUserByIdFail" time="0.474"/>
=======
<testsuite hostname="Kal-El" failures="0" tests="10" name="com.shield.tests.dao.UserDAOTests" time="11.071" errors="0" timestamp="2022-01-13T09:46:19 CST" skipped="0">
  <testcase classname="com.shield.tests.dao.UserDAOTests" name="checkUserByUsername" time="0.982"/>
  <system-out/>
  <testcase classname="com.shield.tests.dao.UserDAOTests" name="selectUserByIdFail" time="0.499"/>
  <system-out/>
  <testcase classname="com.shield.tests.dao.UserDAOTests" name="selectUserById" time="0.486"/>
  <system-out/>
  <testcase classname="com.shield.tests.dao.UserDAOTests" name="createUser" time="0.978"/>
  <system-out/>
  <testcase classname="com.shield.tests.dao.UserDAOTests" name="getUserClaimsByUser" time="0.500"/>
  <system-out/>
  <testcase classname="com.shield.tests.dao.UserDAOTests" name="getAllUsers" time="0.495"/>
  <system-out/>
  <testcase classname="com.shield.tests.dao.UserDAOTests" name="checkUsernameAndPassword" time="1.030"/>
  <system-out/>
  <testcase classname="com.shield.tests.dao.UserDAOTests" name="insertUserImage" time="0.995"/>
  <system-out/>
  <testcase classname="com.shield.tests.dao.UserDAOTests" name="getUserImage" time="2.693"/>
  <system-out/>
  <testcase classname="com.shield.tests.dao.UserDAOTests" name="checkUserImage" time="2.413"/>
>>>>>>> main
  <system-out/>
</testsuite> <!-- com.shield.tests.dao.UserDAOTests -->
