<?xml version="1.0" encoding="UTF-8"?>
<!-- Generated by org.testng.reporters.JUnitReportReporter -->
<testsuite hostname="Kal-El" failures="0" tests="10" name="com.shield.tests.dao.EmployeeDAOTests" time="12.771" errors="0" timestamp="2022-01-19T15:16:58 CST" skipped="0">
  <testcase classname="com.shield.tests.dao.EmployeeDAOTests" name="getAllClaims" time="1.475"/>
  <system-out/>
  <testcase classname="com.shield.tests.dao.EmployeeDAOTests" name="getEmployeeById" time="0.483"/>
  <system-out/>
  <testcase classname="com.shield.tests.dao.EmployeeDAOTests" name="getLeaderboard" time="0.500"/>
  <system-out/>
  <testcase classname="com.shield.tests.dao.EmployeeDAOTests" name="getEmployeeImage" time="2.436"/>
  <system-out/>
  <testcase classname="com.shield.tests.dao.EmployeeDAOTests" name="getUserClaimsByAgent" time="0.989"/>
  <system-out/>
  <testcase classname="com.shield.tests.dao.EmployeeDAOTests" name="checkEmployeeImage" time="2.492"/>
  <system-out/>
  <testcase classname="com.shield.tests.dao.EmployeeDAOTests" name="loginEmployee" time="0.973"/>
  <system-out/>
  <testcase classname="com.shield.tests.dao.EmployeeDAOTests" name="getAgentDebriefings" time="0.972"/>
  <system-out/>
  <testcase classname="com.shield.tests.dao.EmployeeDAOTests" name="insertEmployeeImage" time="0.988"/>
  <system-out/>
  <testcase classname="com.shield.tests.dao.EmployeeDAOTests" name="getAllAgentDebriefings" time="1.463"/>
  <system-out/>
</testsuite> <!-- com.shield.tests.dao.EmployeeDAOTests -->
