<?xml version="1.0" encoding="UTF-8"?>
<!-- Generated by org.testng.reporters.JUnitReportReporter -->
<testsuite hostname="Kal-El" failures="0" tests="2" name="com.shield.tests.service.DebriefServiceMockitoTest" time="0.000" errors="0" timestamp="2022-01-20T09:48:41 CST" skipped="0">
  <testcase classname="com.shield.tests.service.DebriefServiceMockitoTest" name="createDebriefServiceMock" time="0.000"/>
  <system-out/>
  <testcase classname="com.shield.tests.service.DebriefServiceMockitoTest" name="mockGetDebriefServiceById" time="0.000"/>
  <system-out/>
</testsuite> <!-- com.shield.tests.service.DebriefServiceMockitoTest -->
