<?xml version="1.0" encoding="UTF-8"?>
<!-- Generated by org.testng.reporters.JUnitReportReporter -->
<testsuite hostname="Kal-El" failures="0" tests="2" name="com.shield.tests.dao.DebriefDAOTests" time="1.991" errors="0" timestamp="2022-01-13T09:46:19 CST" skipped="0">
  <testcase classname="com.shield.tests.dao.DebriefDAOTests" name="createDebrief" time="1.015"/>
  <system-out/>
  <testcase classname="com.shield.tests.dao.DebriefDAOTests" name="getDebrief" time="0.976"/>
  <system-out/>
</testsuite> <!-- com.shield.tests.dao.DebriefDAOTests -->
