<?xml version="1.0" encoding="UTF-8"?>
<!-- Generated by org.testng.reporters.JUnitReportReporter -->
<testsuite hostname="Kal-El" failures="0" tests="4" name="com.shield.tests.service.ClaimServiceMockitoTest" time="0.019" errors="0" timestamp="2022-01-20T10:25:30 CST" skipped="0">
  <testcase classname="com.shield.tests.service.ClaimServiceMockitoTest" name="getClaimServiceByIdMock" time="0.000"/>
  <system-out/>
  <testcase classname="com.shield.tests.service.ClaimServiceMockitoTest" name="denyClaimServiceMock" time="0.001"/>
  <system-out/>
  <testcase classname="com.shield.tests.service.ClaimServiceMockitoTest" name="createClaimServiceMock" time="0.001"/>
  <system-out/>
  <testcase classname="com.shield.tests.service.ClaimServiceMockitoTest" name="approveClaimServiceMock" time="0.017"/>
  <system-out/>
</testsuite> <!-- com.shield.tests.service.ClaimServiceMockitoTest -->
