<?xml version="1.0" encoding="UTF-8"?>
<!-- Generated by org.testng.reporters.JUnitReportReporter -->
<testsuite hostname="Kal-El" failures="0" tests="2" name="com.shield.tests.dao.DebriefDAOTests" time="1.972" errors="0" timestamp="2022-01-12T17:19:23 CST" skipped="0">
  <testcase classname="com.shield.tests.dao.DebriefDAOTests" name="createDebrief" time="0.989"/>
  <system-out/>
  <testcase classname="com.shield.tests.dao.DebriefDAOTests" name="getDebrief" time="0.983"/>
  <system-out/>
</testsuite> <!-- com.shield.tests.dao.DebriefDAOTests -->
