<?xml version="1.0" encoding="UTF-8"?>
<!-- Generated by org.testng.reporters.JUnitReportReporter -->
<<<<<<< Updated upstream
<testsuite hostname="Kal-El" failures="0" tests="8" name="com.shield.tests.service.UserServiceMockitoTest" time="0.007" errors="0" timestamp="2022-01-20T09:48:41 CST" skipped="0">
  <testcase classname="com.shield.tests.service.UserServiceMockitoTest" name="checkUsernameAndPasswordServiceSadUsernameMock" time="0.000"/>
  <system-out/>
  <testcase classname="com.shield.tests.service.UserServiceMockitoTest" name="checkUsernameAndPasswordServiceMock" time="0.001"/>
  <system-out/>
  <testcase classname="com.shield.tests.service.UserServiceMockitoTest" name="getAllClaimsByUserIdServiceMock" time="0.001"/>
=======
<testsuite hostname="Kal-El" failures="0" tests="8" name="com.shield.tests.service.UserServiceMockitoTest" time="0.005" errors="0" timestamp="2022-01-20T16:20:05 CST" skipped="0">
  <testcase classname="com.shield.tests.service.UserServiceMockitoTest" name="checkUsernameAndPasswordServiceSadUsernameMock" time="0.001"/>
  <system-out/>
  <testcase classname="com.shield.tests.service.UserServiceMockitoTest" name="checkUsernameAndPasswordServiceMock" time="0.001"/>
  <system-out/>
  <testcase classname="com.shield.tests.service.UserServiceMockitoTest" name="getAllClaimsByUserIdServiceMock" time="0.000"/>
>>>>>>> Stashed changes
  <system-out/>
  <testcase classname="com.shield.tests.service.UserServiceMockitoTest" name="checkUsernameAndPasswordServiceSadPasswordMock" time="0.000"/>
  <system-out/>
  <testcase classname="com.shield.tests.service.UserServiceMockitoTest" name="getAllUsersServiceMock" time="0.001"/>
  <system-out/>
<<<<<<< Updated upstream
  <testcase classname="com.shield.tests.service.UserServiceMockitoTest" name="getUserServiceByIdMock" time="0.001"/>
  <system-out/>
  <testcase classname="com.shield.tests.service.UserServiceMockitoTest" name="getUserServiceByIdSadMock" time="0.002"/>
=======
  <testcase classname="com.shield.tests.service.UserServiceMockitoTest" name="getUserServiceByIdMock" time="0.000"/>
  <system-out/>
  <testcase classname="com.shield.tests.service.UserServiceMockitoTest" name="getUserServiceByIdSadMock" time="0.001"/>
>>>>>>> Stashed changes
  <system-out/>
  <testcase classname="com.shield.tests.service.UserServiceMockitoTest" name="createUserServiceMock" time="0.001"/>
  <system-out/>
</testsuite> <!-- com.shield.tests.service.UserServiceMockitoTest -->
