<?xml version="1.0" encoding="UTF-8"?>
<!-- Generated by org.testng.reporters.JUnitReportReporter -->
<testsuite hostname="Kal-El" failures="0" tests="8" name="com.shield.tests.service.UserServiceMockitoTest" time="0.004" errors="0" timestamp="2022-01-20T10:25:30 CST" skipped="0">
  <testcase classname="com.shield.tests.service.UserServiceMockitoTest" name="getAllUsersServiceMock" time="0.001"/>
  <system-out/>
  <testcase classname="com.shield.tests.service.UserServiceMockitoTest" name="getUserServiceByIdSadMock" time="0.002"/>
  <system-out/>
  <testcase classname="com.shield.tests.service.UserServiceMockitoTest" name="getUserServiceByIdMock" time="0.000"/>
  <system-out/>
  <testcase classname="com.shield.tests.service.UserServiceMockitoTest" name="checkUsernameAndPasswordServiceSadPasswordMock" time="0.000"/>
  <system-out/>
  <testcase classname="com.shield.tests.service.UserServiceMockitoTest" name="getAllClaimsByUserIdServiceMock" time="0.000"/>
  <system-out/>
  <testcase classname="com.shield.tests.service.UserServiceMockitoTest" name="checkUsernameAndPasswordServiceMock" time="0.000"/>
  <system-out/>
  <testcase classname="com.shield.tests.service.UserServiceMockitoTest" name="createUserServiceMock" time="0.001"/>
  <system-out/>
  <testcase classname="com.shield.tests.service.UserServiceMockitoTest" name="checkUsernameAndPasswordServiceSadUsernameMock" time="0.000"/>
  <system-out/>
</testsuite> <!-- com.shield.tests.service.UserServiceMockitoTest -->
