<?xml version="1.0" encoding="UTF-8"?>
<!-- Generated by org.testng.reporters.JUnitReportReporter -->
<testsuite hostname="Kal-El" failures="0" tests="8" name="com.shield.tests.service.UserServiceTests" time="4.450" errors="0" timestamp="2022-01-13T09:46:19 CST" skipped="0">
  <testcase classname="com.shield.tests.service.UserServiceTests" name="badIdForGetUserClaimsByUserService" time="0.492"/>
  <system-out/>
  <testcase classname="com.shield.tests.service.UserServiceTests" name="badPasswordForCheckingLogin" time="0.501"/>
  <system-out/>
  <testcase classname="com.shield.tests.service.UserServiceTests" name="duplicateEmployeeUsernameForCreateUserService" time="0.995"/>
  <system-out/>
  <testcase classname="com.shield.tests.service.UserServiceTests" name="badIdGetUserImageService" time="0.517"/>
  <system-out/>
  <testcase classname="com.shield.tests.service.UserServiceTests" name="badIdInsertUserImageService" time="0.478"/>
  <system-out/>
  <testcase classname="com.shield.tests.service.UserServiceTests" name="badUsernameForCheckingLogin" time="0.484"/>
  <system-out/>
  <testcase classname="com.shield.tests.service.UserServiceTests" name="badUserIdForGettingUser" time="0.495"/>
  <system-out/>
  <testcase classname="com.shield.tests.service.UserServiceTests" name="duplicateUserUsernameForCreateUserService" time="0.488"/>
  <system-out/>
</testsuite> <!-- com.shield.tests.service.UserServiceTests -->
