<?xml version="1.0" encoding="UTF-8"?>
<!-- Generated by org.testng.reporters.JUnitReportReporter -->
<testsuite hostname="Kal-El" failures="0" tests="8" name="com.shield.tests.service.ClaimServiceTests" time="4.799" errors="0" timestamp="2022-01-20T10:25:30 CST" skipped="0">
  <testcase classname="com.shield.tests.service.ClaimServiceTests" name="badClaimIdForGetClaimService" time="0.478"/>
  <system-out/>
  <testcase classname="com.shield.tests.service.ClaimServiceTests" name="commentTooLongForApproveClaimService" time="0.000"/>
  <system-out/>
  <testcase classname="com.shield.tests.service.ClaimServiceTests" name="negativeAmountForCreateClaimService" time="0.984"/>
  <system-out/>
  <testcase classname="com.shield.tests.service.ClaimServiceTests" name="badClaimIdForApproveClaimService" time="0.940"/>
  <system-out/>
  <testcase classname="com.shield.tests.service.ClaimServiceTests" name="badClaimIdForDenyClaimService" time="0.942"/>
  <system-out/>
  <testcase classname="com.shield.tests.service.ClaimServiceTests" name="badUserIdForCreateClaimService" time="0.957"/>
  <system-out/>
  <testcase classname="com.shield.tests.service.ClaimServiceTests" name="commentTooLongForDenyClaimService" time="0.000"/>
  <system-out/>
  <testcase classname="com.shield.tests.service.ClaimServiceTests" name="badEmployeeIdForCreateClaimService" time="0.498"/>
  <system-out/>
</testsuite> <!-- com.shield.tests.service.ClaimServiceTests -->
