<?xml version="1.0" encoding="UTF-8"?>
<!-- Generated by org.testng.reporters.JUnitReportReporter -->
<testsuite hostname="Kal-El" failures="0" tests="10" name="com.shield.tests.service.EmployeeServiceTests" time="4.849" errors="0" timestamp="2022-01-19T13:18:57 CST" skipped="0">
  <testcase classname="com.shield.tests.service.EmployeeServiceTests" name="badIdForGetAllClaims" time="0.485"/>
  <system-out/>
  <testcase classname="com.shield.tests.service.EmployeeServiceTests" name="badAgentGetAgentDebriefingsService" time="0.477"/>
  <system-out/>
  <testcase classname="com.shield.tests.service.EmployeeServiceTests" name="badIdGetEmployeeImageService" time="0.490"/>
  <system-out/>
  <testcase classname="com.shield.tests.service.EmployeeServiceTests" name="badIdInsertEmployeeImageService" time="0.473"/>
  <system-out/>
  <testcase classname="com.shield.tests.service.EmployeeServiceTests" name="badIdForGetUserClaimsByAgentService" time="0.492"/>
  <system-out/>
  <testcase classname="com.shield.tests.service.EmployeeServiceTests" name="badHandlerForGetAllClaims" time="0.484"/>
  <system-out/>
  <testcase classname="com.shield.tests.service.EmployeeServiceTests" name="badIdForGetAllAgentDebriefingsService" time="0.496"/>
  <system-out/>
  <testcase classname="com.shield.tests.service.EmployeeServiceTests" name="badAgentGetUserClaimsByAgentService" time="0.479"/>
  <system-out/>
  <testcase classname="com.shield.tests.service.EmployeeServiceTests" name="badIdForGetAgentDebriefingsService" time="0.485"/>
  <system-out/>
  <testcase classname="com.shield.tests.service.EmployeeServiceTests" name="badHandlerGetAllAgentDebriefingsService" time="0.488"/>
  <system-out/>
</testsuite> <!-- com.shield.tests.service.EmployeeServiceTests -->
