<?xml version="1.0" encoding="UTF-8"?>
<!-- Generated by org.testng.reporters.JUnitReportReporter -->
<testsuite hostname="Kal-El" failures="0" tests="10" name="com.shield.tests.dao.EmployeeDAOTests" time="13.163" errors="0" timestamp="2022-01-20T10:25:30 CST" skipped="0">
  <testcase classname="com.shield.tests.dao.EmployeeDAOTests" name="checkEmployeeImage" time="2.428"/>
  <system-out/>
  <testcase classname="com.shield.tests.dao.EmployeeDAOTests" name="getLeaderboard" time="0.491"/>
  <system-out/>
  <testcase classname="com.shield.tests.dao.EmployeeDAOTests" name="getEmployeeById" time="0.471"/>
  <system-out/>
  <testcase classname="com.shield.tests.dao.EmployeeDAOTests" name="insertEmployeeImage" time="1.220"/>
  <system-out/>
  <testcase classname="com.shield.tests.dao.EmployeeDAOTests" name="getUserClaimsByAgent" time="1.273"/>
  <system-out/>
  <testcase classname="com.shield.tests.dao.EmployeeDAOTests" name="getAgentDebriefings" time="0.965"/>
  <system-out/>
  <testcase classname="com.shield.tests.dao.EmployeeDAOTests" name="getAllClaims" time="1.484"/>
  <system-out/>
  <testcase classname="com.shield.tests.dao.EmployeeDAOTests" name="getAllAgentDebriefings" time="1.436"/>
  <system-out/>
  <testcase classname="com.shield.tests.dao.EmployeeDAOTests" name="getEmployeeImage" time="2.419"/>
  <system-out/>
  <testcase classname="com.shield.tests.dao.EmployeeDAOTests" name="loginEmployee" time="0.976"/>
  <system-out/>
</testsuite> <!-- com.shield.tests.dao.EmployeeDAOTests -->
