<?xml version="1.0" encoding="UTF-8"?>
<!-- Generated by org.testng.reporters.JUnitReportReporter -->
<<<<<<< Updated upstream
<testsuite hostname="Kal-El" failures="0" tests="2" name="com.shield.tests.dao.DebriefDAOTests" time="1.931" errors="0" timestamp="2022-01-20T09:48:41 CST" skipped="0">
  <testcase classname="com.shield.tests.dao.DebriefDAOTests" name="createDebrief" time="0.968"/>
  <system-out/>
  <testcase classname="com.shield.tests.dao.DebriefDAOTests" name="getDebrief" time="0.963"/>
=======
<testsuite hostname="Kal-El" failures="0" tests="2" name="com.shield.tests.dao.DebriefDAOTests" time="2.025" errors="0" timestamp="2022-01-20T16:20:05 CST" skipped="0">
  <testcase classname="com.shield.tests.dao.DebriefDAOTests" name="createDebrief" time="1.050"/>
  <system-out/>
  <testcase classname="com.shield.tests.dao.DebriefDAOTests" name="getDebrief" time="0.975"/>
>>>>>>> Stashed changes
  <system-out/>
</testsuite> <!-- com.shield.tests.dao.DebriefDAOTests -->
