<?xml version="1.0" encoding="UTF-8"?>
<!-- Generated by org.testng.reporters.JUnitReportReporter -->
<testsuite hostname="Kal-El" failures="0" tests="4" name="com.shield.tests.dao.ClaimDAOTests" time="4.942" errors="0" timestamp="2022-01-12T17:19:23 CST" skipped="0">
  <testcase classname="com.shield.tests.dao.ClaimDAOTests" name="selectClaimById" time="1.013"/>
  <system-out/>
  <testcase classname="com.shield.tests.dao.ClaimDAOTests" name="createClaimById" time="0.980"/>
  <system-out/>
  <testcase classname="com.shield.tests.dao.ClaimDAOTests" name="ApproveClaimById" time="1.483"/>
  <system-out/>
  <testcase classname="com.shield.tests.dao.ClaimDAOTests" name="DenyClaimById" time="1.466"/>
  <system-out/>
</testsuite> <!-- com.shield.tests.dao.ClaimDAOTests -->
