<?xml version="1.0" encoding="UTF-8"?>
<!-- Generated by org.testng.reporters.JUnitReportReporter -->
<testsuite hostname="Kal-El" failures="0" tests="4" name="com.shield.tests.dao.ClaimDAOTests" time="4.864" errors="0" timestamp="2022-01-19T13:18:57 CST" skipped="0">
  <testcase classname="com.shield.tests.dao.ClaimDAOTests" name="selectClaimById" time="0.985"/>
  <system-out/>
  <testcase classname="com.shield.tests.dao.ClaimDAOTests" name="createClaimById" time="0.972"/>
  <system-out/>
  <testcase classname="com.shield.tests.dao.ClaimDAOTests" name="ApproveClaimById" time="1.439"/>
  <system-out/>
  <testcase classname="com.shield.tests.dao.ClaimDAOTests" name="DenyClaimById" time="1.468"/>
  <system-out/>
</testsuite> <!-- com.shield.tests.dao.ClaimDAOTests -->
