<?xml version="1.0" encoding="UTF-8"?>
<!-- Generated by org.testng.reporters.JUnitReportReporter -->
<testsuite hostname="Kal-El" failures="0" tests="8" name="com.shield.tests.service.ClaimServiceTests" time="4.930" errors="0" timestamp="2022-01-19T13:18:57 CST" skipped="0">
  <testcase classname="com.shield.tests.service.ClaimServiceTests" name="badUserIdForCreateClaimService" time="1.000"/>
  <system-out/>
  <testcase classname="com.shield.tests.service.ClaimServiceTests" name="commentTooLongForDenyClaimService" time="0.000"/>
  <system-out/>
  <testcase classname="com.shield.tests.service.ClaimServiceTests" name="badEmployeeIdForCreateClaimService" time="0.494"/>
  <system-out/>
  <testcase classname="com.shield.tests.service.ClaimServiceTests" name="badClaimIdForDenyClaimService" time="0.965"/>
  <system-out/>
  <testcase classname="com.shield.tests.service.ClaimServiceTests" name="badClaimIdForApproveClaimService" time="0.974"/>
  <system-out/>
  <testcase classname="com.shield.tests.service.ClaimServiceTests" name="badClaimIdForGetClaimService" time="0.495"/>
  <system-out/>
  <testcase classname="com.shield.tests.service.ClaimServiceTests" name="commentTooLongForApproveClaimService" time="0.001"/>
  <system-out/>
  <testcase classname="com.shield.tests.service.ClaimServiceTests" name="negativeAmountForCreateClaimService" time="1.001"/>
  <system-out/>
</testsuite> <!-- com.shield.tests.service.ClaimServiceTests -->
