<?xml version="1.0" encoding="UTF-8"?>
<!-- Generated by org.testng.reporters.JUnitReportReporter -->
<<<<<<< Updated upstream
<testsuite hostname="Kal-El" failures="0" tests="8" name="com.shield.tests.service.ClaimServiceTests" time="4.977" errors="0" timestamp="2022-01-20T09:48:41 CST" skipped="0">
  <testcase classname="com.shield.tests.service.ClaimServiceTests" name="commentTooLongForApproveClaimService" time="0.001"/>
  <system-out/>
  <testcase classname="com.shield.tests.service.ClaimServiceTests" name="badEmployeeIdForCreateClaimService" time="0.475"/>
  <system-out/>
  <testcase classname="com.shield.tests.service.ClaimServiceTests" name="badClaimIdForApproveClaimService" time="0.978"/>
  <system-out/>
  <testcase classname="com.shield.tests.service.ClaimServiceTests" name="badClaimIdForGetClaimService" time="0.493"/>
  <system-out/>
  <testcase classname="com.shield.tests.service.ClaimServiceTests" name="commentTooLongForDenyClaimService" time="0.000"/>
  <system-out/>
  <testcase classname="com.shield.tests.service.ClaimServiceTests" name="badUserIdForCreateClaimService" time="0.965"/>
=======
<testsuite hostname="Kal-El" failures="0" tests="8" name="com.shield.tests.service.ClaimServiceTests" time="4.863" errors="0" timestamp="2022-01-20T16:20:05 CST" skipped="0">
  <testcase classname="com.shield.tests.service.ClaimServiceTests" name="commentTooLongForApproveClaimService" time="0.000"/>
  <system-out/>
  <testcase classname="com.shield.tests.service.ClaimServiceTests" name="badEmployeeIdForCreateClaimService" time="0.480"/>
  <system-out/>
  <testcase classname="com.shield.tests.service.ClaimServiceTests" name="badClaimIdForApproveClaimService" time="0.965"/>
  <system-out/>
  <testcase classname="com.shield.tests.service.ClaimServiceTests" name="badClaimIdForGetClaimService" time="0.507"/>
>>>>>>> Stashed changes
  <system-out/>
  <testcase classname="com.shield.tests.service.ClaimServiceTests" name="negativeAmountForCreateClaimService" time="1.100"/>
  <system-out/>
<<<<<<< Updated upstream
  <testcase classname="com.shield.tests.service.ClaimServiceTests" name="badClaimIdForDenyClaimService" time="0.965"/>
=======
  <testcase classname="com.shield.tests.service.ClaimServiceTests" name="badUserIdForCreateClaimService" time="0.959"/>
  <system-out/>
  <testcase classname="com.shield.tests.service.ClaimServiceTests" name="negativeAmountForCreateClaimService" time="0.977"/>
  <system-out/>
  <testcase classname="com.shield.tests.service.ClaimServiceTests" name="badClaimIdForDenyClaimService" time="0.975"/>
>>>>>>> Stashed changes
  <system-out/>
</testsuite> <!-- com.shield.tests.service.ClaimServiceTests -->
