<?xml version="1.0" encoding="UTF-8"?>
<!-- Generated by org.testng.reporters.JUnitReportReporter -->
<<<<<<< Updated upstream
<testsuite hostname="Kal-El" failures="0" tests="10" name="com.shield.tests.dao.UserDAOTests" time="10.716" errors="0" timestamp="2022-01-20T09:48:41 CST" skipped="0">
  <testcase classname="com.shield.tests.dao.UserDAOTests" name="selectUserByIdFail" time="0.486"/>
  <system-out/>
  <testcase classname="com.shield.tests.dao.UserDAOTests" name="createUser" time="0.962"/>
  <system-out/>
  <testcase classname="com.shield.tests.dao.UserDAOTests" name="checkUserByUsername" time="1.019"/>
  <system-out/>
  <testcase classname="com.shield.tests.dao.UserDAOTests" name="getUserClaimsByUser" time="0.474"/>
  <system-out/>
  <testcase classname="com.shield.tests.dao.UserDAOTests" name="getAllUsers" time="0.499"/>
  <system-out/>
  <testcase classname="com.shield.tests.dao.UserDAOTests" name="selectUserById" time="0.475"/>
  <system-out/>
  <testcase classname="com.shield.tests.dao.UserDAOTests" name="checkUsernameAndPassword" time="0.978"/>
  <system-out/>
  <testcase classname="com.shield.tests.dao.UserDAOTests" name="insertUserImage" time="0.995"/>
  <system-out/>
  <testcase classname="com.shield.tests.dao.UserDAOTests" name="getUserImage" time="2.418"/>
  <system-out/>
  <testcase classname="com.shield.tests.dao.UserDAOTests" name="checkUserImage" time="2.410"/>
=======
<testsuite hostname="Kal-El" failures="0" tests="10" name="com.shield.tests.dao.UserDAOTests" time="10.834" errors="0" timestamp="2022-01-20T16:20:05 CST" skipped="0">
  <testcase classname="com.shield.tests.dao.UserDAOTests" name="selectUserByIdFail" time="0.481"/>
  <system-out/>
  <testcase classname="com.shield.tests.dao.UserDAOTests" name="createUser" time="0.967"/>
  <system-out/>
  <testcase classname="com.shield.tests.dao.UserDAOTests" name="checkUserByUsername" time="1.003"/>
  <system-out/>
  <testcase classname="com.shield.tests.dao.UserDAOTests" name="getUserClaimsByUser" time="0.481"/>
  <system-out/>
  <testcase classname="com.shield.tests.dao.UserDAOTests" name="getAllUsers" time="0.486"/>
  <system-out/>
  <testcase classname="com.shield.tests.dao.UserDAOTests" name="selectUserById" time="0.509"/>
  <system-out/>
  <testcase classname="com.shield.tests.dao.UserDAOTests" name="checkUsernameAndPassword" time="1.004"/>
  <system-out/>
  <testcase classname="com.shield.tests.dao.UserDAOTests" name="insertUserImage" time="0.969"/>
  <system-out/>
  <testcase classname="com.shield.tests.dao.UserDAOTests" name="getUserImage" time="2.497"/>
  <system-out/>
  <testcase classname="com.shield.tests.dao.UserDAOTests" name="checkUserImage" time="2.437"/>
>>>>>>> Stashed changes
  <system-out/>
</testsuite> <!-- com.shield.tests.dao.UserDAOTests -->
