<?xml version="1.0" encoding="UTF-8"?>
<!-- Generated by org.testng.reporters.JUnitReportReporter -->
<testsuite hostname="Kal-El" failures="0" tests="10" name="com.shield.tests.dao.EmployeeDAOTests" time="12.648" errors="0" timestamp="2022-01-19T13:18:57 CST" skipped="0">
  <testcase classname="com.shield.tests.dao.EmployeeDAOTests" name="getAllClaims" time="1.465"/>
  <system-out/>
  <testcase classname="com.shield.tests.dao.EmployeeDAOTests" name="getEmployeeImage" time="2.448"/>
  <system-out/>
  <testcase classname="com.shield.tests.dao.EmployeeDAOTests" name="loginEmployee" time="0.945"/>
  <system-out/>
  <testcase classname="com.shield.tests.dao.EmployeeDAOTests" name="checkEmployeeImage" time="2.428"/>
  <system-out/>
  <testcase classname="com.shield.tests.dao.EmployeeDAOTests" name="getEmployeeById" time="0.477"/>
  <system-out/>
  <testcase classname="com.shield.tests.dao.EmployeeDAOTests" name="getAgentDebriefings" time="0.944"/>
  <system-out/>
  <testcase classname="com.shield.tests.dao.EmployeeDAOTests" name="getLeaderboard" time="0.503"/>
  <system-out/>
  <testcase classname="com.shield.tests.dao.EmployeeDAOTests" name="getAllAgentDebriefings" time="1.487"/>
  <system-out/>
  <testcase classname="com.shield.tests.dao.EmployeeDAOTests" name="getUserClaimsByAgent" time="0.994"/>
  <system-out/>
  <testcase classname="com.shield.tests.dao.EmployeeDAOTests" name="insertEmployeeImage" time="0.957"/>
  <system-out/>
</testsuite> <!-- com.shield.tests.dao.EmployeeDAOTests -->
