<?xml version="1.0" encoding="UTF-8"?>
<!-- Generated by org.testng.reporters.JUnitReportReporter -->
<testsuite hostname="Kal-El" failures="0" tests="8" name="com.shield.tests.service.ClaimServiceTests" time="4.898" errors="0" timestamp="2022-01-19T15:16:58 CST" skipped="0">
  <testcase classname="com.shield.tests.service.ClaimServiceTests" name="badClaimIdForGetClaimService" time="0.496"/>
  <system-out/>
  <testcase classname="com.shield.tests.service.ClaimServiceTests" name="badUserIdForCreateClaimService" time="0.963"/>
  <system-out/>
  <testcase classname="com.shield.tests.service.ClaimServiceTests" name="badEmployeeIdForCreateClaimService" time="0.483"/>
  <system-out/>
  <testcase classname="com.shield.tests.service.ClaimServiceTests" name="negativeAmountForCreateClaimService" time="0.956"/>
  <system-out/>
  <testcase classname="com.shield.tests.service.ClaimServiceTests" name="badClaimIdForApproveClaimService" time="1.013"/>
  <system-out/>
  <testcase classname="com.shield.tests.service.ClaimServiceTests" name="commentTooLongForDenyClaimService" time="0.000"/>
  <system-out/>
  <testcase classname="com.shield.tests.service.ClaimServiceTests" name="badClaimIdForDenyClaimService" time="0.986"/>
  <system-out/>
  <testcase classname="com.shield.tests.service.ClaimServiceTests" name="commentTooLongForApproveClaimService" time="0.001"/>
  <system-out/>
</testsuite> <!-- com.shield.tests.service.ClaimServiceTests -->
