<?xml version="1.0" encoding="UTF-8"?>
<!-- Generated by org.testng.reporters.JUnitReportReporter -->
<<<<<<< Updated upstream
<testsuite hostname="Kal-El" failures="0" tests="10" name="com.shield.tests.service.EmployeeServiceTests" time="4.851" errors="0" timestamp="2022-01-20T09:48:41 CST" skipped="0">
  <testcase classname="com.shield.tests.service.EmployeeServiceTests" name="badAgentGetAgentDebriefingsService" time="0.498"/>
  <system-out/>
  <testcase classname="com.shield.tests.service.EmployeeServiceTests" name="badIdForGetAllClaims" time="0.471"/>
  <system-out/>
  <testcase classname="com.shield.tests.service.EmployeeServiceTests" name="badAgentGetUserClaimsByAgentService" time="0.506"/>
  <system-out/>
  <testcase classname="com.shield.tests.service.EmployeeServiceTests" name="badIdGetEmployeeImageService" time="0.486"/>
  <system-out/>
  <testcase classname="com.shield.tests.service.EmployeeServiceTests" name="badHandlerGetAllAgentDebriefingsService" time="0.476"/>
  <system-out/>
  <testcase classname="com.shield.tests.service.EmployeeServiceTests" name="badIdForGetUserClaimsByAgentService" time="0.480"/>
  <system-out/>
  <testcase classname="com.shield.tests.service.EmployeeServiceTests" name="badHandlerForGetAllClaims" time="0.471"/>
  <system-out/>
  <testcase classname="com.shield.tests.service.EmployeeServiceTests" name="badIdForGetAgentDebriefingsService" time="0.480"/>
  <system-out/>
  <testcase classname="com.shield.tests.service.EmployeeServiceTests" name="badIdForGetAllAgentDebriefingsService" time="0.489"/>
  <system-out/>
  <testcase classname="com.shield.tests.service.EmployeeServiceTests" name="badIdInsertEmployeeImageService" time="0.494"/>
=======
<testsuite hostname="Kal-El" failures="0" tests="10" name="com.shield.tests.service.EmployeeServiceTests" time="5.691" errors="0" timestamp="2022-01-20T16:20:05 CST" skipped="0">
  <testcase classname="com.shield.tests.service.EmployeeServiceTests" name="badAgentGetAgentDebriefingsService" time="0.492"/>
  <system-out/>
  <testcase classname="com.shield.tests.service.EmployeeServiceTests" name="badIdForGetAllClaims" time="0.504"/>
  <system-out/>
  <testcase classname="com.shield.tests.service.EmployeeServiceTests" name="badAgentGetUserClaimsByAgentService" time="0.491"/>
  <system-out/>
  <testcase classname="com.shield.tests.service.EmployeeServiceTests" name="badIdGetEmployeeImageService" time="0.485"/>
  <system-out/>
  <testcase classname="com.shield.tests.service.EmployeeServiceTests" name="badHandlerGetAllAgentDebriefingsService" time="0.486"/>
  <system-out/>
  <testcase classname="com.shield.tests.service.EmployeeServiceTests" name="badIdForGetUserClaimsByAgentService" time="0.515"/>
  <system-out/>
  <testcase classname="com.shield.tests.service.EmployeeServiceTests" name="badHandlerForGetAllClaims" time="0.492"/>
  <system-out/>
  <testcase classname="com.shield.tests.service.EmployeeServiceTests" name="badIdForGetAgentDebriefingsService" time="0.476"/>
  <system-out/>
  <testcase classname="com.shield.tests.service.EmployeeServiceTests" name="badIdForGetAllAgentDebriefingsService" time="0.473"/>
  <system-out/>
  <testcase classname="com.shield.tests.service.EmployeeServiceTests" name="badIdInsertEmployeeImageService" time="1.277"/>
>>>>>>> Stashed changes
  <system-out/>
</testsuite> <!-- com.shield.tests.service.EmployeeServiceTests -->
