<?xml version="1.0" encoding="UTF-8"?>
<!-- Generated by org.testng.reporters.JUnitReportReporter -->
<testsuite hostname="Kal-El" failures="0" tests="6" name="com.shield.tests.service.EmployeeServiceMockitoTests" time="0.006" errors="0" timestamp="2022-01-12T17:19:23 CST" skipped="0">
  <testcase classname="com.shield.tests.service.EmployeeServiceMockitoTests" name="mockGetUserClaimsByAgentService" time="0.001"/>
  <system-out/>
  <testcase classname="com.shield.tests.service.EmployeeServiceMockitoTests" name="mockGetEmployeeImageService" time="0.001"/>
  <system-out/>
  <testcase classname="com.shield.tests.service.EmployeeServiceMockitoTests" name="mockGetEmployeeServiceById" time="0.000"/>
  <system-out/>
  <testcase classname="com.shield.tests.service.EmployeeServiceMockitoTests" name="mockGetAllAgentDebriefingsService" time="0.001"/>
  <system-out/>
  <testcase classname="com.shield.tests.service.EmployeeServiceMockitoTests" name="mockInsertEmployeeImageService" time="0.002"/>
  <system-out/>
  <testcase classname="com.shield.tests.service.EmployeeServiceMockitoTests" name="MockGetAgentDebriefingsService" time="0.001"/>
  <system-out/>
</testsuite> <!-- com.shield.tests.service.EmployeeServiceMockitoTests -->
