<?xml version="1.0" encoding="UTF-8"?>
<!-- Generated by org.testng.reporters.JUnitReportReporter -->
<testsuite hostname="Kal-El" failures="0" tests="10" name="com.shield.tests.dao.EmployeeDAOTests" time="13.077" errors="0" timestamp="2022-01-20T09:48:41 CST" skipped="0">
  <testcase classname="com.shield.tests.dao.EmployeeDAOTests" name="getEmployeeById" time="0.481"/>
  <system-out/>
  <testcase classname="com.shield.tests.dao.EmployeeDAOTests" name="loginEmployee" time="0.949"/>
  <system-out/>
  <testcase classname="com.shield.tests.dao.EmployeeDAOTests" name="getAllAgentDebriefings" time="1.479"/>
  <system-out/>
  <testcase classname="com.shield.tests.dao.EmployeeDAOTests" name="insertEmployeeImage" time="0.943"/>
  <system-out/>
  <testcase classname="com.shield.tests.dao.EmployeeDAOTests" name="getAllClaims" time="1.450"/>
  <system-out/>
  <testcase classname="com.shield.tests.dao.EmployeeDAOTests" name="getUserClaimsByAgent" time="0.982"/>
  <system-out/>
  <testcase classname="com.shield.tests.dao.EmployeeDAOTests" name="getAgentDebriefings" time="0.973"/>
  <system-out/>
  <testcase classname="com.shield.tests.dao.EmployeeDAOTests" name="getLeaderboard" time="0.485"/>
  <system-out/>
  <testcase classname="com.shield.tests.dao.EmployeeDAOTests" name="checkEmployeeImage" time="2.870"/>
  <system-out/>
  <testcase classname="com.shield.tests.dao.EmployeeDAOTests" name="getEmployeeImage" time="2.465"/>
  <system-out/>
</testsuite> <!-- com.shield.tests.dao.EmployeeDAOTests -->
