<?xml version="1.0" encoding="UTF-8"?>
<!-- Generated by org.testng.reporters.JUnitReportReporter -->
<testsuite hostname="Kal-El" failures="0" tests="10" name="com.shield.tests.dao.UserDAOTests" time="11.312" errors="0" timestamp="2022-01-19T15:16:58 CST" skipped="0">
  <testcase classname="com.shield.tests.dao.UserDAOTests" name="checkUsernameAndPassword" time="1.010"/>
  <system-out/>
  <testcase classname="com.shield.tests.dao.UserDAOTests" name="createUser" time="1.009"/>
  <system-out/>
  <testcase classname="com.shield.tests.dao.UserDAOTests" name="getUserClaimsByUser" time="0.511"/>
  <system-out/>
  <testcase classname="com.shield.tests.dao.UserDAOTests" name="getAllUsers" time="0.495"/>
  <system-out/>
  <testcase classname="com.shield.tests.dao.UserDAOTests" name="checkUserByUsername" time="0.992"/>
  <system-out/>
  <testcase classname="com.shield.tests.dao.UserDAOTests" name="selectUserById" time="0.500"/>
  <system-out/>
  <testcase classname="com.shield.tests.dao.UserDAOTests" name="selectUserByIdFail" time="0.516"/>
  <system-out/>
  <testcase classname="com.shield.tests.dao.UserDAOTests" name="insertUserImage" time="1.057"/>
  <system-out/>
  <testcase classname="com.shield.tests.dao.UserDAOTests" name="getUserImage" time="2.616"/>
  <system-out/>
  <testcase classname="com.shield.tests.dao.UserDAOTests" name="checkUserImage" time="2.606"/>
  <system-out/>
</testsuite> <!-- com.shield.tests.dao.UserDAOTests -->
