<?xml version="1.0" encoding="UTF-8"?>
<!-- Generated by org.testng.reporters.JUnitReportReporter -->
<testsuite hostname="Kal-El" failures="0" tests="1" name="com.shield.tests.service.DebriefServiceTests" time="0.509" errors="0" timestamp="2022-01-13T09:46:19 CST" skipped="0">
  <testcase classname="com.shield.tests.service.DebriefServiceTests" name="badIdForcreateDebriefService" time="0.509"/>
  <system-out/>
</testsuite> <!-- com.shield.tests.service.DebriefServiceTests -->
