<?xml version="1.0" encoding="UTF-8"?>
<!-- Generated by org.testng.reporters.JUnitReportReporter -->
<testsuite hostname="Kal-El" failures="0" tests="8" name="com.shield.tests.service.UserServiceTests" time="4.375" errors="0" timestamp="2022-01-12T17:19:23 CST" skipped="0">
  <testcase classname="com.shield.tests.service.UserServiceTests" name="badIdInsertUserImageService" time="0.500"/>
  <system-out/>
  <testcase classname="com.shield.tests.service.UserServiceTests" name="duplicateUserUsernameForCreateUserService" time="0.488"/>
  <system-out/>
  <testcase classname="com.shield.tests.service.UserServiceTests" name="badUsernameForCheckingLogin" time="0.472"/>
  <system-out/>
  <testcase classname="com.shield.tests.service.UserServiceTests" name="badIdGetUserImageService" time="0.487"/>
  <system-out/>
  <testcase classname="com.shield.tests.service.UserServiceTests" name="badPasswordForCheckingLogin" time="0.475"/>
  <system-out/>
  <testcase classname="com.shield.tests.service.UserServiceTests" name="duplicateEmployeeUsernameForCreateUserService" time="0.985"/>
  <system-out/>
  <testcase classname="com.shield.tests.service.UserServiceTests" name="badUserIdForGettingUser" time="0.486"/>
  <system-out/>
  <testcase classname="com.shield.tests.service.UserServiceTests" name="badIdForGetUserClaimsByUserService" time="0.482"/>
  <system-out/>
</testsuite> <!-- com.shield.tests.service.UserServiceTests -->
