<?xml version="1.0" encoding="UTF-8"?>
<!-- Generated by org.testng.reporters.JUnitReportReporter -->
<<<<<<< HEAD
<testsuite hostname="Kal-El" failures="0" tests="8" name="com.shield.tests.service.UserServiceMockitoTest" time="0.007" errors="0" timestamp="2022-01-11T23:56:34 CST" skipped="0">
  <testcase classname="com.shield.tests.service.UserServiceMockitoTest" name="getUserServiceByIdMock" time="0.000"/>
  <system-out/>
  <testcase classname="com.shield.tests.service.UserServiceMockitoTest" name="checkUsernameAndPasswordServiceSadUsernameMock" time="0.000"/>
  <system-out/>
  <testcase classname="com.shield.tests.service.UserServiceMockitoTest" name="checkUsernameAndPasswordServiceMock" time="0.001"/>
  <system-out/>
  <testcase classname="com.shield.tests.service.UserServiceMockitoTest" name="createUserServiceMock" time="0.001"/>
  <system-out/>
  <testcase classname="com.shield.tests.service.UserServiceMockitoTest" name="getAllUsersServiceMock" time="0.001"/>
  <system-out/>
  <testcase classname="com.shield.tests.service.UserServiceMockitoTest" name="getUserServiceByIdSadMock" time="0.003"/>
  <system-out/>
  <testcase classname="com.shield.tests.service.UserServiceMockitoTest" name="getAllClaimsByUserIdServiceMock" time="0.000"/>
  <system-out/>
  <testcase classname="com.shield.tests.service.UserServiceMockitoTest" name="checkUsernameAndPasswordServiceSadPasswordMock" time="0.001"/>
=======
<testsuite hostname="Kal-El" failures="0" tests="8" name="com.shield.tests.service.UserServiceMockitoTest" time="0.006" errors="0" timestamp="2022-01-13T09:46:19 CST" skipped="0">
  <testcase classname="com.shield.tests.service.UserServiceMockitoTest" name="getUserServiceByIdSadMock" time="0.001"/>
  <system-out/>
  <testcase classname="com.shield.tests.service.UserServiceMockitoTest" name="getAllUsersServiceMock" time="0.001"/>
  <system-out/>
  <testcase classname="com.shield.tests.service.UserServiceMockitoTest" name="checkUsernameAndPasswordServiceSadPasswordMock" time="0.001"/>
  <system-out/>
  <testcase classname="com.shield.tests.service.UserServiceMockitoTest" name="getUserServiceByIdMock" time="0.001"/>
  <system-out/>
  <testcase classname="com.shield.tests.service.UserServiceMockitoTest" name="getAllClaimsByUserIdServiceMock" time="0.000"/>
  <system-out/>
  <testcase classname="com.shield.tests.service.UserServiceMockitoTest" name="checkUsernameAndPasswordServiceSadUsernameMock" time="0.000"/>
  <system-out/>
  <testcase classname="com.shield.tests.service.UserServiceMockitoTest" name="checkUsernameAndPasswordServiceMock" time="0.001"/>
  <system-out/>
  <testcase classname="com.shield.tests.service.UserServiceMockitoTest" name="createUserServiceMock" time="0.001"/>
>>>>>>> main
  <system-out/>
</testsuite> <!-- com.shield.tests.service.UserServiceMockitoTest -->
