<?xml version="1.0" encoding="UTF-8"?>
<!-- Generated by org.testng.reporters.JUnitReportReporter -->
<testsuite hostname="Kal-El" failures="0" tests="10" name="com.shield.tests.dao.EmployeeDAOTests" time="12.903" errors="0" timestamp="2022-01-12T17:19:23 CST" skipped="0">
  <testcase classname="com.shield.tests.dao.EmployeeDAOTests" name="getLeaderboard" time="0.500"/>
  <system-out/>
  <testcase classname="com.shield.tests.dao.EmployeeDAOTests" name="getEmployeeImage" time="2.431"/>
  <system-out/>
  <testcase classname="com.shield.tests.dao.EmployeeDAOTests" name="getAgentDebriefings" time="0.980"/>
  <system-out/>
  <testcase classname="com.shield.tests.dao.EmployeeDAOTests" name="loginEmployee" time="0.981"/>
  <system-out/>
  <testcase classname="com.shield.tests.dao.EmployeeDAOTests" name="getAllClaims" time="1.476"/>
  <system-out/>
  <testcase classname="com.shield.tests.dao.EmployeeDAOTests" name="checkEmployeeImage" time="2.473"/>
  <system-out/>
  <testcase classname="com.shield.tests.dao.EmployeeDAOTests" name="insertEmployeeImage" time="0.978"/>
  <system-out/>
  <testcase classname="com.shield.tests.dao.EmployeeDAOTests" name="getAllAgentDebriefings" time="1.600"/>
  <system-out/>
  <testcase classname="com.shield.tests.dao.EmployeeDAOTests" name="getEmployeeById" time="0.506"/>
  <system-out/>
  <testcase classname="com.shield.tests.dao.EmployeeDAOTests" name="getUserClaimsByAgent" time="0.978"/>
  <system-out/>
</testsuite> <!-- com.shield.tests.dao.EmployeeDAOTests -->
