<?xml version="1.0" encoding="UTF-8"?>
<!-- Generated by org.testng.reporters.JUnitReportReporter -->
<<<<<<< Updated upstream
<testsuite hostname="Kal-El" failures="0" tests="6" name="com.shield.tests.service.EmployeeServiceMockitoTests" time="0.004" errors="0" timestamp="2022-01-20T09:48:41 CST" skipped="0">
  <testcase classname="com.shield.tests.service.EmployeeServiceMockitoTests" name="mockGetEmployeeImageService" time="0.001"/>
  <system-out/>
  <testcase classname="com.shield.tests.service.EmployeeServiceMockitoTests" name="mockGetAllAgentDebriefingsService" time="0.001"/>
=======
<testsuite hostname="Kal-El" failures="0" tests="6" name="com.shield.tests.service.EmployeeServiceMockitoTests" time="0.004" errors="0" timestamp="2022-01-20T16:20:05 CST" skipped="0">
  <testcase classname="com.shield.tests.service.EmployeeServiceMockitoTests" name="mockGetEmployeeImageService" time="0.001"/>
  <system-out/>
  <testcase classname="com.shield.tests.service.EmployeeServiceMockitoTests" name="mockGetAllAgentDebriefingsService" time="0.000"/>
>>>>>>> Stashed changes
  <system-out/>
  <testcase classname="com.shield.tests.service.EmployeeServiceMockitoTests" name="mockInsertEmployeeImageService" time="0.001"/>
  <system-out/>
  <testcase classname="com.shield.tests.service.EmployeeServiceMockitoTests" name="mockGetUserClaimsByAgentService" time="0.000"/>
  <system-out/>
<<<<<<< Updated upstream
  <testcase classname="com.shield.tests.service.EmployeeServiceMockitoTests" name="mockGetEmployeeServiceById" time="0.000"/>
=======
  <testcase classname="com.shield.tests.service.EmployeeServiceMockitoTests" name="mockGetEmployeeServiceById" time="0.001"/>
>>>>>>> Stashed changes
  <system-out/>
  <testcase classname="com.shield.tests.service.EmployeeServiceMockitoTests" name="MockGetAgentDebriefingsService" time="0.001"/>
  <system-out/>
</testsuite> <!-- com.shield.tests.service.EmployeeServiceMockitoTests -->
