<?xml version="1.0" encoding="UTF-8"?>
<!-- Generated by org.testng.reporters.JUnitReportReporter -->
<testsuite hostname="Kal-El" failures="0" tests="10" name="com.shield.tests.dao.UserDAOTests" time="10.995" errors="0" timestamp="2022-01-19T13:18:57 CST" skipped="0">
  <testcase classname="com.shield.tests.dao.UserDAOTests" name="getUserClaimsByUser" time="0.495"/>
  <system-out/>
  <testcase classname="com.shield.tests.dao.UserDAOTests" name="checkUserByUsername" time="1.157"/>
  <system-out/>
  <testcase classname="com.shield.tests.dao.UserDAOTests" name="selectUserByIdFail" time="0.473"/>
  <system-out/>
  <testcase classname="com.shield.tests.dao.UserDAOTests" name="createUser" time="0.957"/>
  <system-out/>
  <testcase classname="com.shield.tests.dao.UserDAOTests" name="selectUserById" time="0.486"/>
  <system-out/>
  <testcase classname="com.shield.tests.dao.UserDAOTests" name="checkUsernameAndPassword" time="1.016"/>
  <system-out/>
  <testcase classname="com.shield.tests.dao.UserDAOTests" name="getAllUsers" time="0.483"/>
  <system-out/>
  <testcase classname="com.shield.tests.dao.UserDAOTests" name="insertUserImage" time="0.980"/>
  <system-out/>
  <testcase classname="com.shield.tests.dao.UserDAOTests" name="getUserImage" time="2.508"/>
  <system-out/>
  <testcase classname="com.shield.tests.dao.UserDAOTests" name="checkUserImage" time="2.440"/>
  <system-out/>
</testsuite> <!-- com.shield.tests.dao.UserDAOTests -->
