<?xml version="1.0" encoding="UTF-8"?>
<!-- Generated by org.testng.reporters.JUnitReportReporter -->
<testsuite hostname="Kal-El" failures="0" tests="4" name="com.shield.tests.dao.ClaimDAOTests" time="4.882" errors="0" timestamp="2022-01-20T09:48:41 CST" skipped="0">
  <testcase classname="com.shield.tests.dao.ClaimDAOTests" name="selectClaimById" time="0.989"/>
  <system-out/>
  <testcase classname="com.shield.tests.dao.ClaimDAOTests" name="createClaimById" time="0.980"/>
  <system-out/>
  <testcase classname="com.shield.tests.dao.ClaimDAOTests" name="ApproveClaimById" time="1.447"/>
  <system-out/>
  <testcase classname="com.shield.tests.dao.ClaimDAOTests" name="DenyClaimById" time="1.466"/>
  <system-out/>
</testsuite> <!-- com.shield.tests.dao.ClaimDAOTests -->
