<?xml version="1.0" encoding="UTF-8"?>
<!-- Generated by org.testng.reporters.JUnitReportReporter -->
<testsuite hostname="Kal-El" failures="0" tests="4" name="com.shield.tests.dao.ClaimDAOTests" time="4.888" errors="0" timestamp="2022-01-20T10:25:30 CST" skipped="0">
  <testcase classname="com.shield.tests.dao.ClaimDAOTests" name="selectClaimById" time="1.029"/>
  <system-out/>
  <testcase classname="com.shield.tests.dao.ClaimDAOTests" name="createClaimById" time="0.962"/>
  <system-out/>
  <testcase classname="com.shield.tests.dao.ClaimDAOTests" name="ApproveClaimById" time="1.446"/>
  <system-out/>
  <testcase classname="com.shield.tests.dao.ClaimDAOTests" name="DenyClaimById" time="1.451"/>
  <system-out/>
</testsuite> <!-- com.shield.tests.dao.ClaimDAOTests -->
