<?xml version="1.0" encoding="UTF-8"?>
<!-- Generated by org.testng.reporters.JUnitReportReporter -->
<testsuite hostname="Kal-El" failures="0" tests="8" name="com.shield.tests.service.UserServiceTests" time="4.318" errors="0" timestamp="2022-01-20T10:25:30 CST" skipped="0">
  <testcase classname="com.shield.tests.service.UserServiceTests" name="badIdInsertUserImageService" time="0.482"/>
  <system-out/>
  <testcase classname="com.shield.tests.service.UserServiceTests" name="badUserIdForGettingUser" time="0.490"/>
  <system-out/>
  <testcase classname="com.shield.tests.service.UserServiceTests" name="badIdGetUserImageService" time="0.479"/>
  <system-out/>
  <testcase classname="com.shield.tests.service.UserServiceTests" name="badUsernameForCheckingLogin" time="0.477"/>
  <system-out/>
  <testcase classname="com.shield.tests.service.UserServiceTests" name="duplicateUserUsernameForCreateUserService" time="0.492"/>
  <system-out/>
  <testcase classname="com.shield.tests.service.UserServiceTests" name="badPasswordForCheckingLogin" time="0.480"/>
  <system-out/>
  <testcase classname="com.shield.tests.service.UserServiceTests" name="duplicateEmployeeUsernameForCreateUserService" time="0.951"/>
  <system-out/>
  <testcase classname="com.shield.tests.service.UserServiceTests" name="badIdForGetUserClaimsByUserService" time="0.467"/>
  <system-out/>
</testsuite> <!-- com.shield.tests.service.UserServiceTests -->
